<?xml version="1.0" encoding="UTF-8"?>
<testng-results ignored="0" total="3" passed="3" failed="0" skipped="0">
  <reporter-output>
  </reporter-output>
  <suite started-at="2020-11-08T19:06:41Z" name="Default suite" finished-at="2020-11-08T19:06:41Z" duration-ms="548">
    <groups>
      <group name="cucumber">
        <method signature="AbstractTestNGCucumberTests.feature(cucumber.api.testng.CucumberFeatureWrapper)[pri:0, instance:com.qa.runner.TestRunner@2141a12]" name="feature" class="cucumber.api.testng.AbstractTestNGCucumberTests"/>
      </group> <!-- cucumber -->
    </groups>
    <test started-at="2020-11-08T19:06:41Z" name="Default test" finished-at="2020-11-08T19:06:41Z" duration-ms="548">
      <class name="com.qa.runner.TestRunner">
        <test-method is-config="true" signature="setUpClass()[pri:0, instance:com.qa.runner.TestRunner@2141a12]" started-at="2020-11-09T00:36:41Z" name="setUpClass" finished-at="2020-11-09T00:36:41Z" duration-ms="371" status="PASS">
          <reporter-output>
          </reporter-output>
        </test-method> <!-- setUpClass -->
        <test-method signature="feature(cucumber.api.testng.CucumberFeatureWrapper)[pri:0, instance:com.qa.runner.TestRunner@2141a12]" started-at="2020-11-09T00:36:41Z" name="feature" description="Runs Cucumber Feature" data-provider="features" finished-at="2020-11-09T00:36:41Z" duration-ms="21" status="PASS">
          <params>
            <param index="0">
              <value>
                <![CDATA[Economic Application]]>
              </value>
            </param>
          </params>
          <reporter-output>
          </reporter-output>
        </test-method> <!-- feature -->
        <test-method signature="feature(cucumber.api.testng.CucumberFeatureWrapper)[pri:0, instance:com.qa.runner.TestRunner@2141a12]" started-at="2020-11-09T00:36:41Z" name="feature" description="Runs Cucumber Feature" data-provider="features" finished-at="2020-11-09T00:36:41Z" duration-ms="25" status="PASS">
          <params>
            <param index="0">
              <value>
                <![CDATA[Navigation]]>
              </value>
            </param>
          </params>
          <reporter-output>
          </reporter-output>
        </test-method> <!-- feature -->
        <test-method signature="feature(cucumber.api.testng.CucumberFeatureWrapper)[pri:0, instance:com.qa.runner.TestRunner@2141a12]" started-at="2020-11-09T00:36:41Z" name="feature" description="Runs Cucumber Feature" data-provider="features" finished-at="2020-11-09T00:36:41Z" duration-ms="5" status="PASS">
          <params>
            <param index="0">
              <value>
                <![CDATA[Registration of user]]>
              </value>
            </param>
          </params>
          <reporter-output>
          </reporter-output>
        </test-method> <!-- feature -->
        <test-method is-config="true" signature="tearDownClass()[pri:0, instance:com.qa.runner.TestRunner@2141a12]" started-at="2020-11-09T00:36:41Z" name="tearDownClass" finished-at="2020-11-09T00:36:41Z" duration-ms="13" status="PASS">
          <reporter-output>
          </reporter-output>
        </test-method> <!-- tearDownClass -->
      </class> <!-- com.qa.runner.TestRunner -->
    </test> <!-- Default test -->
  </suite> <!-- Default suite -->
</testng-results>
